<?xml version="1.0" encoding="utf-8"?><testsuites name="pytest tests"><testsuite name="pytest" errors="0" failures="0" skipped="0" tests="14" time="2.430" timestamp="2026-03-13T23:40:47.952270+00:00" hostname="agent-env-3ec99eef-51c1-4b9f-91e5-107e1ead9a79"><testcase classname="tests.test_phase6_features.TestHealthCheck" name="test_api_health" time="0.210" /><testcase classname="tests.test_phase6_features.TestAuthEndpoints" name="test_register_creates_user" time="0.352" /><testcase classname="tests.test_phase6_features.TestAuthEndpoints" name="test_login_returns_token" time="0.619" /><testcase classname="tests.test_phase6_features.TestAuthEndpoints" name="test_login_invalid_credentials" time="0.061" /><testcase classname="tests.test_phase6_features.TestPlayersAndIconRarity" name="test_get_all_players" time="0.050" /><testcase classname="tests.test_phase6_features.TestPlayersAndIconRarity" name="test_icon_players_have_correct_attributes" time="0.054" /><testcase classname="tests.test_phase6_features.TestPlayersAndIconRarity" name="test_players_have_variants" time="0.058" /><testcase classname="tests.test_phase6_features.TestPackSystem" name="test_get_packs_returns_config" time="0.054" /><testcase classname="tests.test_phase6_features.TestPackSystem" name="test_packs_have_icon_rarity_probability" time="0.053" /><testcase classname="tests.test_phase6_features.TestPackSystem" name="test_open_pack_returns_players" time="0.384" /><testcase classname="tests.test_phase6_features.TestCollectionEndpoint" name="test_get_collection_returns_all_players" time="0.061" /><testcase classname="tests.test_phase6_features.TestMatchesEndpoint" name="test_get_matches_list" time="0.145" /><testcase classname="tests.test_phase6_features.TestMatchesEndpoint" name="test_get_matches_with_status_filter" time="0.107" /><testcase classname="tests.test_phase6_features.TestLeaderboardEndpoint" name="test_get_leaderboard" time="0.081" /></testsuite></testsuites>