<?xml version="1.0" encoding="utf-8"?><testsuites name="pytest tests"><testsuite name="pytest" errors="0" failures="0" skipped="0" tests="20" time="7.258" timestamp="2026-03-13T21:07:12.019632+00:00" hostname="agent-env-3ec99eef-51c1-4b9f-91e5-107e1ead9a79"><testcase classname="backend.tests.test_iteration3_features.TestHealthAndCore" name="test_health_check" time="0.252" /><testcase classname="backend.tests.test_iteration3_features.TestAuthWithEquippedField" name="test_register_creates_user_with_equipped_field" time="0.374" /><testcase classname="backend.tests.test_iteration3_features.TestAuthWithEquippedField" name="test_login_returns_token" time="0.700" /><testcase classname="backend.tests.test_iteration3_features.TestMatchesAPI" name="test_matches_returns_200_plus" time="0.187" /><testcase classname="backend.tests.test_iteration3_features.TestMatchesAPI" name="test_matches_sorted_live_first" time="0.137" /><testcase classname="backend.tests.test_iteration3_features.TestMatchesAPI" name="test_matches_filter_finished" time="0.158" /><testcase classname="backend.tests.test_iteration3_features.TestMatchesAPI" name="test_match_detail_with_events" time="0.299" /><testcase classname="backend.tests.test_iteration3_features.TestBetTypes" name="test_bet_winner" time="0.651" /><testcase classname="backend.tests.test_iteration3_features.TestBetTypes" name="test_bet_exact_score" time="0.165" /><testcase classname="backend.tests.test_iteration3_features.TestBetTypes" name="test_bet_both_teams_score" time="0.143" /><testcase classname="backend.tests.test_iteration3_features.TestBetTypes" name="test_bet_over_under" time="0.140" /><testcase classname="backend.tests.test_iteration3_features.TestEquipSystem" name="test_equip_requires_owned_player" time="0.496" /><testcase classname="backend.tests.test_iteration3_features.TestEquipSystem" name="test_get_equipped_empty" time="0.175" /><testcase classname="backend.tests.test_iteration3_features.TestEquipSystem" name="test_unequip_fails_when_nothing_equipped" time="0.134" /><testcase classname="backend.tests.test_iteration3_features.TestEquipSystem" name="test_equip_after_opening_pack" time="0.429" /><testcase classname="backend.tests.test_iteration3_features.TestBoosts" name="test_get_boosts_for_match" time="0.968" /><testcase classname="backend.tests.test_iteration3_features.TestPlayersCollection" name="test_players_returns_80" time="0.114" /><testcase classname="backend.tests.test_iteration3_features.TestPlayersCollection" name="test_collection_returns_80" time="0.537" /><testcase classname="backend.tests.test_iteration3_features.TestPacksExpanded" name="test_bronze_pack_returns_player_from_pool" time="0.587" /><testcase classname="backend.tests.test_iteration3_features.TestDailyChallenge" name="test_daily_challenge_returns_match" time="0.463" /></testsuite></testsuites>