<?xml version="1.0" encoding="utf-8"?><testsuites name="pytest tests"><testsuite name="pytest" errors="0" failures="1" skipped="1" tests="31" time="13.476" timestamp="2026-03-14T00:04:13.138990+00:00" hostname="agent-env-3ec99eef-51c1-4b9f-91e5-107e1ead9a79"><testcase classname="backend.tests.test_comprehensive_final.TestHealthAndBasics" name="test_health_endpoint" time="0.323" /><testcase classname="backend.tests.test_comprehensive_final.TestAuthFlow" name="test_register_new_user" time="0.400" /><testcase classname="backend.tests.test_comprehensive_final.TestAuthFlow" name="test_login_with_registered_user" time="0.343" /><testcase classname="backend.tests.test_comprehensive_final.TestAuthFlow" name="test_login_invalid_credentials" time="0.119" /><testcase classname="backend.tests.test_comprehensive_final.TestAuthFlow" name="test_get_current_user" time="0.133" /><testcase classname="backend.tests.test_comprehensive_final.TestPasswordRecovery" name="test_forgot_password_existing_email" time="0.565" /><testcase classname="backend.tests.test_comprehensive_final.TestPasswordRecovery" name="test_forgot_password_nonexistent_email" time="0.153" /><testcase classname="backend.tests.test_comprehensive_final.TestPasswordRecovery" name="test_reset_password_with_valid_token" time="1.156" /><testcase classname="backend.tests.test_comprehensive_final.TestPasswordRecovery" name="test_reset_password_invalid_token" time="0.152" /><testcase classname="backend.tests.test_comprehensive_final.TestPasswordRecovery" name="test_reset_password_short_password" time="0.611" /><testcase classname="backend.tests.test_comprehensive_final.TestChangePassword" name="test_change_password_success" time="1.253" /><testcase classname="backend.tests.test_comprehensive_final.TestChangePassword" name="test_change_password_wrong_current" time="0.479"><skipped type="pytest.skip" message="Could not login for change password test">/app/backend/tests/test_comprehensive_final.py:248: Could not login for change password test</skipped></testcase><testcase classname="backend.tests.test_comprehensive_final.TestNotifications" name="test_get_notifications_authenticated" time="0.795" /><testcase classname="backend.tests.test_comprehensive_final.TestNotifications" name="test_get_notifications_unauthenticated" time="0.104" /><testcase classname="backend.tests.test_comprehensive_final.TestNotifications" name="test_get_unread_count" time="1.086" /><testcase classname="backend.tests.test_comprehensive_final.TestNotifications" name="test_mark_all_read" time="0.615" /><testcase classname="backend.tests.test_comprehensive_final.TestMatches" name="test_get_matches" time="0.176" /><testcase classname="backend.tests.test_comprehensive_final.TestMatches" name="test_get_matches_stats" time="0.119"><failure message="assert 404 == 200&#10; +  where 404 = &lt;Response [404]&gt;.status_code">backend/tests/test_comprehensive_final.py:329: in test_get_matches_stats
    assert response.status_code == 200
E   assert 404 == 200
E    +  where 404 = &lt;Response [404]&gt;.status_code</failure></testcase><testcase classname="backend.tests.test_comprehensive_final.TestMatches" name="test_get_single_match" time="0.314" /><testcase classname="backend.tests.test_comprehensive_final.TestTrading" name="test_get_open_trades" time="0.103" /><testcase classname="backend.tests.test_comprehensive_final.TestTrading" name="test_market_overview" time="0.133" /><testcase classname="backend.tests.test_comprehensive_final.TestTrading" name="test_price_history" time="0.251" /><testcase classname="backend.tests.test_comprehensive_final.TestPacks" name="test_get_packs_config" time="0.124" /><testcase classname="backend.tests.test_comprehensive_final.TestPacks" name="test_open_bronze_pack" time="0.860" /><testcase classname="backend.tests.test_comprehensive_final.TestPlayers" name="test_get_all_players" time="0.108" /><testcase classname="backend.tests.test_comprehensive_final.TestLeaderboard" name="test_get_all_time_leaderboard" time="0.130" /><testcase classname="backend.tests.test_comprehensive_final.TestLeaderboard" name="test_get_weekly_leaderboard" time="0.107" /><testcase classname="backend.tests.test_comprehensive_final.TestDashboard" name="test_get_dashboard" time="0.846" /><testcase classname="backend.tests.test_comprehensive_final.TestCollection" name="test_get_collection" time="0.818" /><testcase classname="backend.tests.test_comprehensive_final.TestBadges" name="test_get_badges" time="0.133" /><testcase classname="backend.tests.test_comprehensive_final.TestDailyChallenge" name="test_get_daily_challenge" time="0.837" /></testsuite></testsuites>