<?xml version="1.0" encoding="utf-8"?><testsuites name="pytest tests"><testsuite name="pytest" errors="0" failures="0" skipped="0" tests="17" time="8.624" timestamp="2026-03-14T10:27:17.115308+00:00" hostname="agent-env-3ec99eef-51c1-4b9f-91e5-107e1ead9a79"><testcase classname="backend.tests.test_missions.TestMissionsAPI" name="test_get_missions_returns_200" time="0.598" /><testcase classname="backend.tests.test_missions.TestMissionsAPI" name="test_get_missions_has_week_field" time="0.440" /><testcase classname="backend.tests.test_missions.TestMissionsAPI" name="test_get_missions_has_missions_list" time="0.717" /><testcase classname="backend.tests.test_missions.TestMissionsAPI" name="test_get_missions_has_five_missions" time="0.555" /><testcase classname="backend.tests.test_missions.TestMissionsAPI" name="test_get_missions_has_week_end" time="0.526" /><testcase classname="backend.tests.test_missions.TestMissionsAPI" name="test_missions_have_required_fields" time="0.715" /><testcase classname="backend.tests.test_missions.TestMissionsAPI" name="test_missions_progress_is_integer" time="0.439" /><testcase classname="backend.tests.test_missions.TestMissionsAPI" name="test_missions_completed_is_boolean" time="0.447" /><testcase classname="backend.tests.test_missions.TestMissionsAPI" name="test_get_missions_requires_auth" time="0.421" /><testcase classname="backend.tests.test_missions.TestMissionsAPI" name="test_claim_uncompleted_mission_returns_error" time="0.554" /><testcase classname="backend.tests.test_missions.TestMissionsAPI" name="test_claim_nonexistent_mission_returns_404" time="0.461" /><testcase classname="backend.tests.test_missions.TestMissionsAPI" name="test_claim_mission_requires_auth" time="0.429" /><testcase classname="backend.tests.test_missions.TestMissionsIntegration" name="test_missions_deterministic_per_user_week" time="0.525" /><testcase classname="backend.tests.test_missions.TestMissionsIntegration" name="test_missions_categories_are_valid" time="0.437" /><testcase classname="backend.tests.test_missions.TestMissionsIntegration" name="test_missions_icons_are_valid" time="0.430" /><testcase classname="backend.tests.test_missions.TestPackOpensTracking" name="test_packs_endpoint_exists" time="0.423" /><testcase classname="backend.tests.test_missions.TestPackOpensTracking" name="test_pack_open_endpoint_exists" time="0.442" /></testsuite></testsuites>