<?xml version="1.0" encoding="utf-8"?><testsuites name="pytest tests"><testsuite name="pytest" errors="0" failures="0" skipped="0" tests="18" time="5.620" timestamp="2026-03-13T23:52:46.824247+00:00" hostname="agent-env-3ec99eef-51c1-4b9f-91e5-107e1ead9a79"><testcase classname="backend.tests.test_p1_password_notifications.TestHealthAndBasics" name="test_health_endpoint" time="0.292" /><testcase classname="backend.tests.test_p1_password_notifications.TestPasswordRecovery" name="test_forgot_password_generates_token" time="0.513" /><testcase classname="backend.tests.test_p1_password_notifications.TestPasswordRecovery" name="test_forgot_password_nonexistent_email" time="0.122" /><testcase classname="backend.tests.test_p1_password_notifications.TestPasswordRecovery" name="test_reset_password_with_valid_token" time="0.503" /><testcase classname="backend.tests.test_p1_password_notifications.TestPasswordRecovery" name="test_login_with_new_password" time="0.331" /><testcase classname="backend.tests.test_p1_password_notifications.TestPasswordRecovery" name="test_login_with_old_password_fails" time="0.352" /><testcase classname="backend.tests.test_p1_password_notifications.TestPasswordRecovery" name="test_reset_password_invalid_token" time="0.101" /><testcase classname="backend.tests.test_p1_password_notifications.TestPasswordRecovery" name="test_reset_password_short_password" time="0.222" /><testcase classname="backend.tests.test_p1_password_notifications.TestPasswordRecovery" name="test_token_can_only_be_used_once" time="0.571" /><testcase classname="backend.tests.test_p1_password_notifications.TestNotifications" name="test_get_notifications_authenticated" time="0.445" /><testcase classname="backend.tests.test_p1_password_notifications.TestNotifications" name="test_get_notifications_unauthenticated" time="0.105" /><testcase classname="backend.tests.test_p1_password_notifications.TestNotifications" name="test_get_unread_count" time="0.116" /><testcase classname="backend.tests.test_p1_password_notifications.TestNotifications" name="test_mark_all_as_read" time="0.112" /><testcase classname="backend.tests.test_p1_password_notifications.TestNotifications" name="test_unread_count_after_mark_read" time="0.257" /><testcase classname="backend.tests.test_p1_password_notifications.TestChangePassword" name="test_change_password_success" time="0.909" /><testcase classname="backend.tests.test_p1_password_notifications.TestChangePassword" name="test_change_password_wrong_current" time="0.351" /><testcase classname="backend.tests.test_p1_password_notifications.TestChangePassword" name="test_change_password_short_new" time="0.133" /><testcase classname="backend.tests.test_p1_password_notifications.TestSocketIOEndpoint" name="test_socketio_endpoint_exists" time="0.106" /></testsuite></testsuites>